<?xml version="1.0" encoding="UTF-8"?>
<!-- Generated by org.testng.reporters.JUnitReportReporter -->
<testsuite skipped="0" hostname="LAPTOP-LDEDVD9B" name="hitzProj.MavenJava.AppiumTest" tests="2" failures="0" timestamp="2022-01-13T10:52:40 IST" time="0.005" errors="0">
  <testcase name="nativeAppiOS" time="0.000" classname="hitzProj.MavenJava.AppiumTest"/>
  <system-out/>
  <testcase name="NativeAppAndroid" time="0.005" classname="hitzProj.MavenJava.AppiumTest"/>
  <system-out/>
</testsuite> <!-- hitzProj.MavenJava.AppiumTest -->
