<?xml version="1.0" encoding="UTF-8"?>
<!-- Generated by org.testng.reporters.JUnitReportReporter -->
<testsuite skipped="0" hostname="LAPTOP-LDEDVD9B" name="hitzProj.MavenJava.SeleniumTest" tests="1" failures="0" timestamp="2022-01-13T10:52:40 IST" time="0.001" errors="0">
  <testcase name="ElementsUI" time="0.001" classname="hitzProj.MavenJava.SeleniumTest"/>
  <system-out/>
</testsuite> <!-- hitzProj.MavenJava.SeleniumTest -->
