<?xml version="1.0" encoding="UTF-8"?>
<!-- Generated by org.testng.reporters.JUnitReportReporter -->
<testsuite skipped="0" hostname="LAPTOP-LDEDVD9B" name="hitzProj.MavenJava.RestAPITest" tests="2" failures="0" timestamp="2022-01-13T11:46:22 IST" time="0.003" errors="0">
  <testcase name="postJira" time="0.000" classname="hitzProj.MavenJava.RestAPITest"/>
  <system-out/>
  <testcase name="deleteTwitter" time="0.003" classname="hitzProj.MavenJava.RestAPITest"/>
  <system-out/>
</testsuite> <!-- hitzProj.MavenJava.RestAPITest -->
