<?xml version="1.0" encoding="UTF-8"?>
<!-- Generated by org.testng.reporters.JUnitReportReporter -->
<testsuite skipped="0" hostname="LAPTOP-LDEDVD9B" name="hitzProj.MavenJava.SeleniumTest" tests="2" failures="0" timestamp="2022-01-13T11:46:22 IST" time="0.000" errors="0">
  <testcase name="BrowserAutomation" time="0.000" classname="hitzProj.MavenJava.SeleniumTest"/>
  <system-out/>
  <testcase name="ElementsUI" time="0.000" classname="hitzProj.MavenJava.SeleniumTest"/>
  <system-out/>
</testsuite> <!-- hitzProj.MavenJava.SeleniumTest -->
